<?xml version="1.0" encoding="UTF-8"?>
<!-- Generated by org.testng.reporters.JUnitXMLReporter -->
<testsuite ignored="0" hostname="DESKTOP-FJVFF6A" failures="1" tests="1" name="Vipirsa-V0.0.1" time="1.41" errors="0" timestamp="2022-04-11T11:44:37 CEST">
  <testcase classname="vipirsa.Config.GridConfig" name="@AfterMethod getResult" time="0.009">
    <failure type="java.lang.NullPointerException">
      <![CDATA[java.lang.NullPointerException
at vipirsa.Config.GridConfig.returnScreenshot(GridConfig.java:278)
at vipirsa.Config.GridConfig.getResult(GridConfig.java:258)
at java.base/java.util.ArrayList.forEach(ArrayList.java:1507)
... Removed 32 stack frames]]>
    </failure>
  </testcase> <!-- @AfterMethod getResult -->
  <testcase classname="vipirsa.Config.GridConfig" name="@AfterClass tearDown" time="-1.649670277405E9">
    <skipped/>
  </testcase> <!-- @AfterClass tearDown -->
  <testcase classname="vipirsa.Tests.Search" name="vipirsa" time="0.027">
    <failure type="java.lang.NullPointerException">
      <![CDATA[java.lang.NullPointerException
at vipirsa.Tests.Search.vipirsa(Search.java:18)
at java.base/java.util.ArrayList.forEach(ArrayList.java:1507)
... Removed 27 stack frames]]>
    </failure>
  </testcase> <!-- vipirsa -->
</testsuite> <!-- Vipirsa-V0.0.1 -->
